<?xml version="1.0" encoding="UTF-8"?>
<testng-results ignored="0" total="2" passed="2" failed="0" skipped="0">
  <reporter-output>
  </reporter-output>
  <suite started-at="2022-03-04T11:17:26 EST" name="Suite" finished-at="2022-03-04T11:17:44 EST" duration-ms="18005">
    <groups>
    </groups>
    <test started-at="2022-03-04T11:17:26 EST" name="ChromeTest" finished-at="2022-03-04T11:17:40 EST" duration-ms="13763">
      <class name="com.automationpractice.TestScripts.VerifyBlankCountryZipTest">
        <test-method is-config="true" signature="OpenApplication(java.lang.String)[pri:0, instance:com.automationpractice.TestScripts.VerifyBlankCountryZipTest@12aba8be]" started-at="2022-03-04T11:17:26 EST" name="OpenApplication" finished-at="2022-03-04T11:17:31 EST" duration-ms="4839" status="PASS">
          <params>
            <param index="0">
              <value>
                <![CDATA[Chrome]]>
              </value>
            </param>
          </params>
          <reporter-output>
          </reporter-output>
        </test-method> <!-- OpenApplication -->
        <test-method signature="verifyBlankCountryZipCode()[pri:0, instance:com.automationpractice.TestScripts.VerifyBlankCountryZipTest@12aba8be]" started-at="2022-03-04T11:17:31 EST" name="verifyBlankCountryZipCode" finished-at="2022-03-04T11:17:40 EST" duration-ms="8687" status="PASS">
          <reporter-output>
          </reporter-output>
        </test-method> <!-- verifyBlankCountryZipCode -->
        <test-method is-config="true" signature="closeApplication()[pri:0, instance:com.automationpractice.TestScripts.VerifyBlankCountryZipTest@12aba8be]" started-at="2022-03-04T11:17:40 EST" name="closeApplication" finished-at="2022-03-04T11:17:40 EST" duration-ms="190" status="PASS">
          <reporter-output>
          </reporter-output>
        </test-method> <!-- closeApplication -->
      </class> <!-- com.automationpractice.TestScripts.VerifyBlankCountryZipTest -->
    </test> <!-- ChromeTest -->
    <test started-at="2022-03-04T11:17:26 EST" name="FirefoxTest" finished-at="2022-03-04T11:17:44 EST" duration-ms="18005">
      <class name="com.automationpractice.TestScripts.VerifyBlankCountryZipTest">
        <test-method is-config="true" signature="OpenApplication(java.lang.String)[pri:0, instance:com.automationpractice.TestScripts.VerifyBlankCountryZipTest@65c7a252]" started-at="2022-03-04T11:17:26 EST" name="OpenApplication" finished-at="2022-03-04T11:17:34 EST" duration-ms="7997" status="PASS">
          <params>
            <param index="0">
              <value>
                <![CDATA[Firefox]]>
              </value>
            </param>
          </params>
          <reporter-output>
          </reporter-output>
        </test-method> <!-- OpenApplication -->
        <test-method signature="verifyBlankCountryZipCode()[pri:0, instance:com.automationpractice.TestScripts.VerifyBlankCountryZipTest@65c7a252]" started-at="2022-03-04T11:17:34 EST" name="verifyBlankCountryZipCode" finished-at="2022-03-04T11:17:44 EST" duration-ms="9216" status="PASS">
          <reporter-output>
          </reporter-output>
        </test-method> <!-- verifyBlankCountryZipCode -->
        <test-method is-config="true" signature="closeApplication()[pri:0, instance:com.automationpractice.TestScripts.VerifyBlankCountryZipTest@65c7a252]" started-at="2022-03-04T11:17:44 EST" name="closeApplication" finished-at="2022-03-04T11:17:44 EST" duration-ms="785" status="PASS">
          <reporter-output>
          </reporter-output>
        </test-method> <!-- closeApplication -->
      </class> <!-- com.automationpractice.TestScripts.VerifyBlankCountryZipTest -->
    </test> <!-- FirefoxTest -->
  </suite> <!-- Suite -->
</testng-results>
