<?xml version="1.0" encoding="UTF-8"?>
<!-- Generated by org.testng.reporters.JUnitXMLReporter -->
<testsuite ignored="0" hostname="DESKTOP-0MHP5IB" failures="1" tests="1" name="FirefoxTest" time="16.89" errors="0" timestamp="2022-03-07T18:33:57 EST">
  <testcase classname="com.automationpractice.TestScripts.VerifyAddProductReviewTest" name="VerifyAddProductReview" time="8.026">
    <failure type="org.openqa.selenium.ElementNotInteractableException" message="Element &amp;lt;li&amp;gt; could not be scrolled into view
Build info: version: &amp;apos;4.1.2&amp;apos;, revision: &amp;apos;9a5a329c5a&amp;apos;
System info: host: &amp;apos;DESKTOP-0MHP5IB&amp;apos;, ip: &amp;apos;192.168.56.1&amp;apos;, os.name: &amp;apos;Windows 10&amp;apos;, os.arch: &amp;apos;amd64&amp;apos;, os.version: &amp;apos;10.0&amp;apos;, java.version: &amp;apos;17.0.1&amp;apos;
Driver info: org.openqa.selenium.firefox.FirefoxDriver
Command: [088d2250-5cde-453f-acab-e54ed687fefb, clickElement {id=93bd4822-2d05-46f8-86a7-88a558fe73fc}]
Capabilities {acceptInsecureCerts: true, browserName: firefox, browserVersion: 97.0.1, javascriptEnabled: true, moz:accessibilityChecks: false, moz:buildID: 20220216172458, moz:debuggerAddress: localhost:56216, moz:geckodriverVersion: 0.30.0, moz:headless: false, moz:processID: 22012, moz:profile: C:\Users\Jean.DESKTOP-0MHP5..., moz:shutdownTimeout: 60000, moz:useNonSpecCompliantPointerOrigin: false, moz:webdriverClick: true, pageLoadStrategy: normal, platform: WINDOWS, platformName: WINDOWS, platformVersion: 10.0, proxy: Proxy(), se:cdp: ws://localhost:56216/devtoo..., se:cdpVersion: 85.0, setWindowRect: true, strictFileInteractability: false, timeouts: {implicit: 0, pageLoad: 300000, script: 30000}, unhandledPromptBehavior: dismiss and notify}
Element: [[FirefoxDriver: firefox on WINDOWS (088d2250-5cde-453f-acab-e54ed687fefb)] -&amp;gt; css selector: #block_top_menu &amp;gt; ul &amp;gt; li:nth-child(2) &amp;gt; ul &amp;gt; li:nth-child(1)]
Session ID: 088d2250-5cde-453f-acab-e54ed687fefb">
      <![CDATA[org.openqa.selenium.ElementNotInteractableException: Element <li> could not be scrolled into view
Build info: version: '4.1.2', revision: '9a5a329c5a'
System info: host: 'DESKTOP-0MHP5IB', ip: '192.168.56.1', os.name: 'Windows 10', os.arch: 'amd64', os.version: '10.0', java.version: '17.0.1'
Driver info: org.openqa.selenium.firefox.FirefoxDriver
Command: [088d2250-5cde-453f-acab-e54ed687fefb, clickElement {id=93bd4822-2d05-46f8-86a7-88a558fe73fc}]
Capabilities {acceptInsecureCerts: true, browserName: firefox, browserVersion: 97.0.1, javascriptEnabled: true, moz:accessibilityChecks: false, moz:buildID: 20220216172458, moz:debuggerAddress: localhost:56216, moz:geckodriverVersion: 0.30.0, moz:headless: false, moz:processID: 22012, moz:profile: C:\Users\Jean.DESKTOP-0MHP5..., moz:shutdownTimeout: 60000, moz:useNonSpecCompliantPointerOrigin: false, moz:webdriverClick: true, pageLoadStrategy: normal, platform: WINDOWS, platformName: WINDOWS, platformVersion: 10.0, proxy: Proxy(), se:cdp: ws://localhost:56216/devtoo..., se:cdpVersion: 85.0, setWindowRect: true, strictFileInteractability: false, timeouts: {implicit: 0, pageLoad: 300000, script: 30000}, unhandledPromptBehavior: dismiss and notify}
Element: [[FirefoxDriver: firefox on WINDOWS (088d2250-5cde-453f-acab-e54ed687fefb)] -> css selector: #block_top_menu > ul > li:nth-child(2) > ul > li:nth-child(1)]
Session ID: 088d2250-5cde-453f-acab-e54ed687fefb
at org.openqa.selenium.remote.codec.w3c.W3CHttpResponseCodec.createException(W3CHttpResponseCodec.java:200)
at org.openqa.selenium.remote.codec.w3c.W3CHttpResponseCodec.decode(W3CHttpResponseCodec.java:133)
at org.openqa.selenium.remote.codec.w3c.W3CHttpResponseCodec.decode(W3CHttpResponseCodec.java:53)
at org.openqa.selenium.remote.HttpCommandExecutor.execute(HttpCommandExecutor.java:184)
at org.openqa.selenium.remote.service.DriverCommandExecutor.invokeExecute(DriverCommandExecutor.java:167)
at org.openqa.selenium.remote.service.DriverCommandExecutor.execute(DriverCommandExecutor.java:142)
at org.openqa.selenium.remote.RemoteWebDriver.execute(RemoteWebDriver.java:558)
at org.openqa.selenium.remote.RemoteWebElement.execute(RemoteWebElement.java:251)
at org.openqa.selenium.remote.RemoteWebElement.click(RemoteWebElement.java:77)
at org.openqa.selenium.support.pagefactory.internal.LocatingElementHandler.invoke(LocatingElementHandler.java:52)
at jdk.proxy2/jdk.proxy2.$Proxy20.click(Unknown Source)
at com.automationpractice.Pages.MyAccount.selectProduct(MyAccount.java:38)
at com.automationpractice.TestScripts.VerifyAddProductReviewTest.VerifyAddProductReview(VerifyAddProductReviewTest.java:36)
at java.base/java.util.ArrayList.forEach(ArrayList.java:1511)
at java.base/java.util.concurrent.FutureTask.run(FutureTask.java:264)
at java.base/java.util.concurrent.ThreadPoolExecutor.runWorker(ThreadPoolExecutor.java:1136)
at java.base/java.util.concurrent.ThreadPoolExecutor$Worker.run(ThreadPoolExecutor.java:635)
at java.base/java.lang.Thread.run(Thread.java:833)
... Removed 27 stack frames]]>
    </failure>
  </testcase> <!-- VerifyAddProductReview -->
</testsuite> <!-- FirefoxTest -->
